<?xml version="1.0" encoding="UTF-8"?>
<testng-results ignored="0" total="1" passed="1" failed="0" skipped="0">
  <reporter-output>
  </reporter-output>
  <suite started-at="2023-08-25T19:26:27 IST" name="Default suite" finished-at="2023-08-25T19:26:30 IST" duration-ms="3140">
    <groups>
    </groups>
    <test started-at="2023-08-25T19:26:27 IST" name="Default test" finished-at="2023-08-25T19:26:30 IST" duration-ms="3140">
      <class name="ManagerLoginScenario.Managerlogin">
        <test-method is-config="true" signature="OpenBrowser()[pri:0, instance:ManagerLoginScenario.Managerlogin@58cbafc2]" started-at="2023-08-25T19:26:14 IST" name="OpenBrowser" finished-at="2023-08-25T19:26:27 IST" duration-ms="13575" status="PASS">
          <reporter-output>
          </reporter-output>
        </test-method> <!-- OpenBrowser -->
        <test-method signature="ManagerBanklogincase()[pri:0, instance:ManagerLoginScenario.Managerlogin@58cbafc2]" started-at="2023-08-25T19:26:28 IST" name="ManagerBanklogincase" finished-at="2023-08-25T19:26:30 IST" duration-ms="2921" status="PASS">
          <reporter-output>
          </reporter-output>
        </test-method> <!-- ManagerBanklogincase -->
        <test-method is-config="true" signature="teardown()[pri:0, instance:ManagerLoginScenario.Managerlogin@58cbafc2]" started-at="2023-08-25T19:26:31 IST" name="teardown" finished-at="2023-08-25T19:26:31 IST" duration-ms="2" status="PASS">
          <reporter-output>
          </reporter-output>
        </test-method> <!-- teardown -->
      </class> <!-- ManagerLoginScenario.Managerlogin -->
    </test> <!-- Default test -->
  </suite> <!-- Default suite -->
</testng-results>
